<?xml version="1.0" encoding="UTF-8"?>
<testsuite xmlns:xsi="http://www.w3.org/2001/XMLSchema-instance" xsi:noNamespaceSchemaLocation="https://maven.apache.org/surefire/maven-surefire-plugin/xsd/surefire-test-report.xsd" name="com.mfpe.controller.AuditChecklistControllerTests" time="0.371" tests="3" errors="0" skipped="0" failures="0">
  <properties>
[...]
</properties>
  <testcase name="contextLoads" classname="com.mfpe.controller.AuditChecklistControllerTests" time="0.016"/>
  <testcase name="testHealthCheck" classname="com.mfpe.controller.AuditChecklistControllerTests" time="0.026"/>
  <testcase name="testAuditChecklistQuestions" classname="com.mfpe.controller.AuditChecklistControllerTests" time="0.069"/>
</testsuite>